app/build/intermediates/manifest_merge_blame_file/debug/manifest-merger-blame-debug-report.txt
1<?xml version="1.0" encoding="utf-8"?>
2<manifest xmlns:android="http://schemas.android.com/apk/res/android"
3    package="com.example.illa_movies"
4    android:versionCode="1"
5    android:versionName="1.0" >
6
7    <uses-sdk
8        android:minSdkVersion="24"
8-->src\main\AndroidManifest.xml
9        android:targetSdkVersion="33" />
9-->src\main\AndroidManifest.xml
10
11    <uses-permission android:name="android.permission.INTERNET" />
11-->src\main\AndroidManifest.xml:5:5-67
11-->src\main\AndroidManifest.xml:5:22-64
12    <uses-permission android:name="android.permission.ACCESS_NETWORK_STATE" />
12-->src\main\AndroidManifest.xml:6:5-79
12-->src\main\AndroidManifest.xml:6:22-76
13
14    <permission
14-->[androidx.core:core:1.10.0-beta01] AndroidManifest.xml:22:5-24:47
15        android:name="com.example.illa_movies.DYNAMIC_RECEIVER_NOT_EXPORTED_PERMISSION"
15-->[androidx.core:core:1.10.0-beta01] AndroidManifest.xml:23:9-81
16        android:protectionLevel="signature" />
16-->[androidx.core:core:1.10.0-beta01] AndroidManifest.xml:24:9-44
17
18    <uses-permission android:name="com.example.illa_movies.DYNAMIC_RECEIVER_NOT_EXPORTED_PERMISSION" />
18-->[androidx.core:core:1.10.0-beta01] AndroidManifest.xml:26:5-97
18-->[androidx.core:core:1.10.0-beta01] AndroidManifest.xml:26:22-94
19
20    <application
20-->src\main\AndroidManifest.xml:8:5-27:19
21        android:name="com.example.illa_movies.IllaApp"
21-->src\main\AndroidManifest.xml:9:9-32
22        android:allowBackup="true"
22-->src\main\AndroidManifest.xml:10:9-35
23        android:appComponentFactory="androidx.core.app.CoreComponentFactory"
23-->[androidx.core:core:1.10.0-beta01] AndroidManifest.xml:28:18-86
24        android:debuggable="true"
25        android:extractNativeLibs="false"
26        android:icon="@mipmap/ic_launcher"
26-->src\main\AndroidManifest.xml:11:9-43
27        android:label="@string/app_name"
27-->src\main\AndroidManifest.xml:12:9-41
28        android:supportsRtl="true"
28-->src\main\AndroidManifest.xml:13:9-35
29        android:testOnly="true"
30        android:theme="@style/Theme.ILLA_movies"
30-->src\main\AndroidManifest.xml:15:9-49
31        android:usesCleartextTraffic="true" >
31-->src\main\AndroidManifest.xml:14:9-44
32        <activity
32-->src\main\AndroidManifest.xml:17:9-26:20
33            android:name="com.example.illa_movies.MainActivity"
33-->src\main\AndroidManifest.xml:18:13-41
34            android:exported="true"
34-->src\main\AndroidManifest.xml:19:13-36
35            android:label="@string/app_name" >
35-->src\main\AndroidManifest.xml:20:13-45
36            <intent-filter>
36-->src\main\AndroidManifest.xml:21:13-25:29
37                <action android:name="android.intent.action.MAIN" />
37-->src\main\AndroidManifest.xml:22:17-69
37-->src\main\AndroidManifest.xml:22:25-66
38
39                <category android:name="android.intent.category.LAUNCHER" />
39-->src\main\AndroidManifest.xml:24:17-77
39-->src\main\AndroidManifest.xml:24:27-74
40            </intent-filter>
41        </activity>
42        <activity
42-->[androidx.compose.ui:ui-tooling:1.3.3] AndroidManifest.xml:23:9-25:39
43            android:name="androidx.compose.ui.tooling.PreviewActivity"
43-->[androidx.compose.ui:ui-tooling:1.3.3] AndroidManifest.xml:24:13-71
44            android:exported="true" />
44-->[androidx.compose.ui:ui-tooling:1.3.3] AndroidManifest.xml:25:13-36
45
46        <uses-library
46-->[androidx.window:window:1.0.0] AndroidManifest.xml:25:9-27:40
47            android:name="androidx.window.extensions"
47-->[androidx.window:window:1.0.0] AndroidManifest.xml:26:13-54
48            android:required="false" />
48-->[androidx.window:window:1.0.0] AndroidManifest.xml:27:13-37
49        <uses-library
49-->[androidx.window:window:1.0.0] AndroidManifest.xml:28:9-30:40
50            android:name="androidx.window.sidecar"
50-->[androidx.window:window:1.0.0] AndroidManifest.xml:29:13-51
51            android:required="false" />
51-->[androidx.window:window:1.0.0] AndroidManifest.xml:30:13-37
52
53        <service
53-->[androidx.room:room-runtime:2.5.0] AndroidManifest.xml:24:9-28:63
54            android:name="androidx.room.MultiInstanceInvalidationService"
54-->[androidx.room:room-runtime:2.5.0] AndroidManifest.xml:25:13-74
55            android:directBootAware="true"
55-->[androidx.room:room-runtime:2.5.0] AndroidManifest.xml:26:13-43
56            android:exported="false" />
56-->[androidx.room:room-runtime:2.5.0] AndroidManifest.xml:27:13-37
57
58        <provider
58-->[androidx.emoji2:emoji2:1.2.0] AndroidManifest.xml:24:9-32:20
59            android:name="androidx.startup.InitializationProvider"
59-->[androidx.emoji2:emoji2:1.2.0] AndroidManifest.xml:25:13-67
60            android:authorities="com.example.illa_movies.androidx-startup"
60-->[androidx.emoji2:emoji2:1.2.0] AndroidManifest.xml:26:13-68
61            android:exported="false" >
61-->[androidx.emoji2:emoji2:1.2.0] AndroidManifest.xml:27:13-37
62            <meta-data
62-->[androidx.emoji2:emoji2:1.2.0] AndroidManifest.xml:29:13-31:52
63                android:name="androidx.emoji2.text.EmojiCompatInitializer"
63-->[androidx.emoji2:emoji2:1.2.0] AndroidManifest.xml:30:17-75
64                android:value="androidx.startup" />
64-->[androidx.emoji2:emoji2:1.2.0] AndroidManifest.xml:31:17-49
65            <meta-data
65-->[androidx.lifecycle:lifecycle-process:2.4.1] AndroidManifest.xml:31:13-33:52
66                android:name="androidx.lifecycle.ProcessLifecycleInitializer"
66-->[androidx.lifecycle:lifecycle-process:2.4.1] AndroidManifest.xml:32:17-78
67                android:value="androidx.startup" />
67-->[androidx.lifecycle:lifecycle-process:2.4.1] AndroidManifest.xml:33:17-49
68            <meta-data
68-->[androidx.profileinstaller:profileinstaller:1.2.0] AndroidManifest.xml:30:13-32:52
69                android:name="androidx.profileinstaller.ProfileInstallerInitializer"
69-->[androidx.profileinstaller:profileinstaller:1.2.0] AndroidManifest.xml:31:17-85
70                android:value="androidx.startup" />
70-->[androidx.profileinstaller:profileinstaller:1.2.0] AndroidManifest.xml:32:17-49
71        </provider>
72
73        <receiver
73-->[androidx.profileinstaller:profileinstaller:1.2.0] AndroidManifest.xml:35:9-47:20
74            android:name="androidx.profileinstaller.ProfileInstallReceiver"
74-->[androidx.profileinstaller:profileinstaller:1.2.0] AndroidManifest.xml:36:13-76
75            android:directBootAware="false"
75-->[androidx.profileinstaller:profileinstaller:1.2.0] AndroidManifest.xml:37:13-44
76            android:enabled="true"
76-->[androidx.profileinstaller:profileinstaller:1.2.0] AndroidManifest.xml:38:13-35
77            android:exported="true"
77-->[androidx.profileinstaller:profileinstaller:1.2.0] AndroidManifest.xml:39:13-36
78            android:permission="android.permission.DUMP" >
78-->[androidx.profileinstaller:profileinstaller:1.2.0] AndroidManifest.xml:40:13-57
79            <intent-filter>
79-->[androidx.profileinstaller:profileinstaller:1.2.0] AndroidManifest.xml:41:13-43:29
80                <action android:name="androidx.profileinstaller.action.INSTALL_PROFILE" />
80-->[androidx.profileinstaller:profileinstaller:1.2.0] AndroidManifest.xml:42:17-91
80-->[androidx.profileinstaller:profileinstaller:1.2.0] AndroidManifest.xml:42:25-88
81            </intent-filter>
82            <intent-filter>
82-->[androidx.profileinstaller:profileinstaller:1.2.0] AndroidManifest.xml:44:13-46:29
83                <action android:name="androidx.profileinstaller.action.SKIP_FILE" />
83-->[androidx.profileinstaller:profileinstaller:1.2.0] AndroidManifest.xml:45:17-85
83-->[androidx.profileinstaller:profileinstaller:1.2.0] AndroidManifest.xml:45:25-82
84            </intent-filter>
85        </receiver>
86    </application>
87
88</manifest>